<?xml version="1.0" encoding="UTF-8"?>
<coverage generated="1671004547573" clover="3.2.0">
  <project timestamp="1671004547575" name="All files">
    <metrics statements="5" coveredstatements="1" conditionals="0" coveredconditionals="0" methods="4" coveredmethods="0" elements="9" coveredelements="1" complexity="0" loc="5" ncloc="5" packages="1" files="1" classes="1"/>
    <file name="Calculator.js" path="C:\Users\Shivam\RelevelUnac\Relevel-Unacademy\Batch-3\Revision\Testing\Calculator.js">
      <metrics statements="5" coveredstatements="1" conditionals="0" coveredconditionals="0" methods="4" coveredmethods="0"/>
      <line num="1" count="1" type="stmt"/>
      <line num="2" count="0" type="stmt"/>
      <line num="3" count="0" type="stmt"/>
      <line num="4" count="0" type="stmt"/>
      <line num="5" count="0" type="stmt"/>
    </file>
  </project>
</coverage>
