{"C:\\Users\\Shivam\\RelevelUnac\\Relevel-Unacademy\\Batch-3\\Revision\\Ecomm\\config\\db.config.js": {"path":"C:\\Users\\Shivam\\RelevelUnac\\Relevel-Unacademy\\Batch-3\\Revision\\Ecomm\\config\\db.config.js","statementMap":{"0":{"start":{"line":5,"column":0},"end":{"line":17,"column":2}}},"fnMap":{},"branchMap":{},"s":{"0":1},"f":{},"b":{},"_coverageSchema":"1a1c01bbd47fc00a2c39e90264f33305004495a9","hash":"672c14759d6cb0fbcfc97df95c6248b6641f175d"}
,"C:\\Users\\Shivam\\RelevelUnac\\Relevel-Unacademy\\Batch-3\\Revision\\Ecomm\\config\\secret.js": {"path":"C:\\Users\\Shivam\\RelevelUnac\\Relevel-Unacademy\\Batch-3\\Revision\\Ecomm\\config\\secret.js","statementMap":{"0":{"start":{"line":1,"column":0},"end":{"line":3,"column":1}}},"fnMap":{},"branchMap":{},"s":{"0":1},"f":{},"b":{},"_coverageSchema":"1a1c01bbd47fc00a2c39e90264f33305004495a9","hash":"2df1e88b742dad6cf4e336eb36953cb72f08e577"}
,"C:\\Users\\Shivam\\RelevelUnac\\Relevel-Unacademy\\Batch-3\\Revision\\Ecomm\\controller\\auth.controller.js": {"path":"C:\\Users\\Shivam\\RelevelUnac\\Relevel-Unacademy\\Batch-3\\Revision\\Ecomm\\controller\\auth.controller.js","statementMap":{"0":{"start":{"line":5,"column":15},"end":{"line":5,"column":34}},"1":{"start":{"line":6,"column":35},"end":{"line":6,"column":54}},"2":{"start":{"line":7,"column":11},"end":{"line":7,"column":23}},"3":{"start":{"line":8,"column":12},"end":{"line":8,"column":35}},"4":{"start":{"line":9,"column":19},"end":{"line":9,"column":46}},"5":{"start":{"line":10,"column":0},"end":{"line":75,"column":1}},"6":{"start":{"line":14,"column":20},"end":{"line":18,"column":5}},"7":{"start":{"line":19,"column":4},"end":{"line":19,"column":25}},"8":{"start":{"line":20,"column":4},"end":{"line":74,"column":7}},"9":{"start":{"line":22,"column":8},"end":{"line":22,"column":31}},"10":{"start":{"line":23,"column":8},"end":{"line":68,"column":9}},"11":{"start":{"line":25,"column":12},"end":{"line":25,"column":35}},"12":{"start":{"line":26,"column":12},"end":{"line":42,"column":14}},"13":{"start":{"line":33,"column":16},"end":{"line":33,"column":37}},"14":{"start":{"line":35,"column":16},"end":{"line":41,"column":19}},"15":{"start":{"line":36,"column":20},"end":{"line":36,"column":41}},"16":{"start":{"line":37,"column":20},"end":{"line":37,"column":61}},"17":{"start":{"line":38,"column":20},"end":{"line":40,"column":23}},"18":{"start":{"line":62,"column":12},"end":{"line":67,"column":15}},"19":{"start":{"line":63,"column":16},"end":{"line":63,"column":57}},"20":{"start":{"line":64,"column":16},"end":{"line":66,"column":19}},"21":{"start":{"line":70,"column":8},"end":{"line":70,"column":58}},"22":{"start":{"line":71,"column":8},"end":{"line":73,"column":11}},"23":{"start":{"line":81,"column":0},"end":{"line":116,"column":2}},"24":{"start":{"line":82,"column":4},"end":{"line":115,"column":5}},"25":{"start":{"line":84,"column":21},"end":{"line":84,"column":75}},"26":{"start":{"line":86,"column":23},"end":{"line":86,"column":76}},"27":{"start":{"line":87,"column":8},"end":{"line":93,"column":9}},"28":{"start":{"line":88,"column":12},"end":{"line":88,"column":44}},"29":{"start":{"line":89,"column":12},"end":{"line":91,"column":15}},"30":{"start":{"line":92,"column":12},"end":{"line":92,"column":19}},"31":{"start":{"line":95,"column":22},"end":{"line":95,"column":71}},"32":{"start":{"line":97,"column":22},"end":{"line":97,"column":43}},"33":{"start":{"line":98,"column":28},"end":{"line":98,"column":30}},"34":{"start":{"line":99,"column":8},"end":{"line":101,"column":9}},"35":{"start":{"line":100,"column":12},"end":{"line":100,"column":59}},"36":{"start":{"line":102,"column":8},"end":{"line":108,"column":11}},"37":{"start":{"line":110,"column":8},"end":{"line":110,"column":25}},"38":{"start":{"line":111,"column":8},"end":{"line":111,"column":49}},"39":{"start":{"line":112,"column":8},"end":{"line":114,"column":11}}},"fnMap":{"0":{"name":"(anonymous_0)","decl":{"start":{"line":10,"column":17},"end":{"line":10,"column":18}},"loc":{"start":{"line":10,"column":28},"end":{"line":75,"column":1}},"line":10},"1":{"name":"(anonymous_1)","decl":{"start":{"line":20,"column":30},"end":{"line":20,"column":31}},"loc":{"start":{"line":20,"column":43},"end":{"line":69,"column":5}},"line":20},"2":{"name":"(anonymous_2)","decl":{"start":{"line":32,"column":20},"end":{"line":32,"column":21}},"loc":{"start":{"line":32,"column":27},"end":{"line":42,"column":13}},"line":32},"3":{"name":"(anonymous_3)","decl":{"start":{"line":35,"column":49},"end":{"line":35,"column":50}},"loc":{"start":{"line":35,"column":53},"end":{"line":41,"column":17}},"line":35},"4":{"name":"(anonymous_4)","decl":{"start":{"line":62,"column":43},"end":{"line":62,"column":44}},"loc":{"start":{"line":62,"column":47},"end":{"line":67,"column":13}},"line":62},"5":{"name":"(anonymous_5)","decl":{"start":{"line":69,"column":13},"end":{"line":69,"column":14}},"loc":{"start":{"line":69,"column":18},"end":{"line":74,"column":5}},"line":69},"6":{"name":"(anonymous_6)","decl":{"start":{"line":81,"column":17},"end":{"line":81,"column":18}},"loc":{"start":{"line":81,"column":34},"end":{"line":116,"column":1}},"line":81}},"branchMap":{"0":{"loc":{"start":{"line":23,"column":8},"end":{"line":68,"column":9}},"type":"if","locations":[{"start":{"line":23,"column":8},"end":{"line":68,"column":9}},{"start":{"line":43,"column":13},"end":{"line":68,"column":9}}],"line":23},"1":{"loc":{"start":{"line":23,"column":11},"end":{"line":23,"column":54}},"type":"binary-expr","locations":[{"start":{"line":23,"column":11},"end":{"line":23,"column":25}},{"start":{"line":23,"column":29},"end":{"line":23,"column":54}}],"line":23},"2":{"loc":{"start":{"line":72,"column":22},"end":{"line":72,"column":55}},"type":"binary-expr","locations":[{"start":{"line":72,"column":22},"end":{"line":72,"column":30}},{"start":{"line":72,"column":34},"end":{"line":72,"column":55}}],"line":72},"3":{"loc":{"start":{"line":87,"column":8},"end":{"line":93,"column":9}},"type":"if","locations":[{"start":{"line":87,"column":8},"end":{"line":93,"column":9}},{"start":{},"end":{}}],"line":87},"4":{"loc":{"start":{"line":113,"column":22},"end":{"line":113,"column":50}},"type":"binary-expr","locations":[{"start":{"line":113,"column":22},"end":{"line":113,"column":30}},{"start":{"line":113,"column":34},"end":{"line":113,"column":50}}],"line":113}},"s":{"0":1,"1":1,"2":1,"3":1,"4":1,"5":1,"6":1,"7":1,"8":1,"9":1,"10":1,"11":1,"12":1,"13":1,"14":1,"15":1,"16":1,"17":1,"18":0,"19":0,"20":0,"21":0,"22":0,"23":1,"24":0,"25":0,"26":0,"27":0,"28":0,"29":0,"30":0,"31":0,"32":0,"33":0,"34":0,"35":0,"36":0,"37":0,"38":0,"39":0},"f":{"0":1,"1":1,"2":1,"3":1,"4":0,"5":0,"6":0},"b":{"0":[1,0],"1":[1,1],"2":[0,0],"3":[0,0],"4":[0,0]},"_coverageSchema":"1a1c01bbd47fc00a2c39e90264f33305004495a9","hash":"ad248b8d2608ef3a12e8f80adb5a86cdc15983b7"}
,"C:\\Users\\Shivam\\RelevelUnac\\Relevel-Unacademy\\Batch-3\\Revision\\Ecomm\\model\\cart.model.js": {"path":"C:\\Users\\Shivam\\RelevelUnac\\Relevel-Unacademy\\Batch-3\\Revision\\Ecomm\\model\\cart.model.js","statementMap":{"0":{"start":{"line":5,"column":0},"end":{"line":17,"column":1}},"1":{"start":{"line":6,"column":17},"end":{"line":15,"column":6}},"2":{"start":{"line":16,"column":4},"end":{"line":16,"column":16}}},"fnMap":{"0":{"name":"(anonymous_0)","decl":{"start":{"line":5,"column":17},"end":{"line":5,"column":18}},"loc":{"start":{"line":5,"column":40},"end":{"line":17,"column":1}},"line":5}},"branchMap":{},"s":{"0":1,"1":1,"2":1},"f":{"0":1},"b":{},"_coverageSchema":"1a1c01bbd47fc00a2c39e90264f33305004495a9","hash":"81b1986c74e44f7700b91b6b8dc9c0527461be6e"}
,"C:\\Users\\Shivam\\RelevelUnac\\Relevel-Unacademy\\Batch-3\\Revision\\Ecomm\\model\\category.model.js": {"path":"C:\\Users\\Shivam\\RelevelUnac\\Relevel-Unacademy\\Batch-3\\Revision\\Ecomm\\model\\category.model.js","statementMap":{"0":{"start":{"line":5,"column":0},"end":{"line":24,"column":1}},"1":{"start":{"line":6,"column":21},"end":{"line":22,"column":6}},"2":{"start":{"line":23,"column":4},"end":{"line":23,"column":20}}},"fnMap":{"0":{"name":"(anonymous_0)","decl":{"start":{"line":5,"column":17},"end":{"line":5,"column":18}},"loc":{"start":{"line":5,"column":40},"end":{"line":24,"column":1}},"line":5}},"branchMap":{},"s":{"0":1,"1":1,"2":1},"f":{"0":1},"b":{},"_coverageSchema":"1a1c01bbd47fc00a2c39e90264f33305004495a9","hash":"ecaa6d4ab4970a5bf8a7b21f746334ed8549edc9"}
,"C:\\Users\\Shivam\\RelevelUnac\\Relevel-Unacademy\\Batch-3\\Revision\\Ecomm\\model\\index.js": {"path":"C:\\Users\\Shivam\\RelevelUnac\\Relevel-Unacademy\\Batch-3\\Revision\\Ecomm\\model\\index.js","statementMap":{"0":{"start":{"line":6,"column":18},"end":{"line":6,"column":38}},"1":{"start":{"line":7,"column":17},"end":{"line":7,"column":47}},"2":{"start":{"line":8,"column":18},"end":{"line":22,"column":1}},"3":{"start":{"line":24,"column":9},"end":{"line":24,"column":11}},"4":{"start":{"line":30,"column":0},"end":{"line":30,"column":25}},"5":{"start":{"line":31,"column":0},"end":{"line":31,"column":25}},"6":{"start":{"line":37,"column":0},"end":{"line":37,"column":63}},"7":{"start":{"line":43,"column":0},"end":{"line":43,"column":61}},"8":{"start":{"line":50,"column":0},"end":{"line":50,"column":32}},"9":{"start":{"line":56,"column":0},"end":{"line":56,"column":55}},"10":{"start":{"line":62,"column":0},"end":{"line":62,"column":55}},"11":{"start":{"line":69,"column":0},"end":{"line":69,"column":55}},"12":{"start":{"line":75,"column":0},"end":{"line":79,"column":3}},"13":{"start":{"line":81,"column":0},"end":{"line":85,"column":3}},"14":{"start":{"line":91,"column":0},"end":{"line":95,"column":3}},"15":{"start":{"line":98,"column":0},"end":{"line":102,"column":3}},"16":{"start":{"line":108,"column":0},"end":{"line":108,"column":25}},"17":{"start":{"line":114,"column":0},"end":{"line":114,"column":32}},"18":{"start":{"line":117,"column":0},"end":{"line":117,"column":20}}},"fnMap":{},"branchMap":{},"s":{"0":1,"1":1,"2":1,"3":1,"4":1,"5":1,"6":1,"7":1,"8":1,"9":1,"10":1,"11":1,"12":1,"13":1,"14":1,"15":1,"16":1,"17":1,"18":1},"f":{},"b":{},"_coverageSchema":"1a1c01bbd47fc00a2c39e90264f33305004495a9","hash":"75e4b5d4f6d80b54991e1aa5cfb5bc854a570b61"}
,"C:\\Users\\Shivam\\RelevelUnac\\Relevel-Unacademy\\Batch-3\\Revision\\Ecomm\\model\\product.model.js": {"path":"C:\\Users\\Shivam\\RelevelUnac\\Relevel-Unacademy\\Batch-3\\Revision\\Ecomm\\model\\product.model.js","statementMap":{"0":{"start":{"line":5,"column":0},"end":{"line":26,"column":2}},"1":{"start":{"line":6,"column":20},"end":{"line":24,"column":6}},"2":{"start":{"line":25,"column":4},"end":{"line":25,"column":19}}},"fnMap":{"0":{"name":"(anonymous_0)","decl":{"start":{"line":5,"column":17},"end":{"line":5,"column":18}},"loc":{"start":{"line":5,"column":40},"end":{"line":26,"column":1}},"line":5}},"branchMap":{},"s":{"0":1,"1":1,"2":1},"f":{"0":1},"b":{},"_coverageSchema":"1a1c01bbd47fc00a2c39e90264f33305004495a9","hash":"c1be1e71cafbef39c5b1e3383462ab32dfbdc1dd"}
,"C:\\Users\\Shivam\\RelevelUnac\\Relevel-Unacademy\\Batch-3\\Revision\\Ecomm\\model\\role.model.js": {"path":"C:\\Users\\Shivam\\RelevelUnac\\Relevel-Unacademy\\Batch-3\\Revision\\Ecomm\\model\\role.model.js","statementMap":{"0":{"start":{"line":5,"column":0},"end":{"line":13,"column":2}},"1":{"start":{"line":6,"column":17},"end":{"line":11,"column":6}},"2":{"start":{"line":12,"column":4},"end":{"line":12,"column":16}}},"fnMap":{"0":{"name":"(anonymous_0)","decl":{"start":{"line":5,"column":17},"end":{"line":5,"column":18}},"loc":{"start":{"line":5,"column":40},"end":{"line":13,"column":1}},"line":5}},"branchMap":{},"s":{"0":1,"1":1,"2":1},"f":{"0":1},"b":{},"_coverageSchema":"1a1c01bbd47fc00a2c39e90264f33305004495a9","hash":"88b51e4be3c54349b19999640aa00973587de6be"}
,"C:\\Users\\Shivam\\RelevelUnac\\Relevel-Unacademy\\Batch-3\\Revision\\Ecomm\\model\\user.model.js": {"path":"C:\\Users\\Shivam\\RelevelUnac\\Relevel-Unacademy\\Batch-3\\Revision\\Ecomm\\model\\user.model.js","statementMap":{"0":{"start":{"line":5,"column":0},"end":{"line":21,"column":2}},"1":{"start":{"line":6,"column":17},"end":{"line":19,"column":6}},"2":{"start":{"line":20,"column":4},"end":{"line":20,"column":16}}},"fnMap":{"0":{"name":"(anonymous_0)","decl":{"start":{"line":5,"column":17},"end":{"line":5,"column":18}},"loc":{"start":{"line":5,"column":40},"end":{"line":21,"column":1}},"line":5}},"branchMap":{},"s":{"0":1,"1":1,"2":1},"f":{"0":1},"b":{},"_coverageSchema":"1a1c01bbd47fc00a2c39e90264f33305004495a9","hash":"cec50f0d2f89f73d010a669c63c772870d0df0e0"}
,"C:\\Users\\Shivam\\RelevelUnac\\Relevel-Unacademy\\Batch-3\\Revision\\Ecomm\\tests\\unitTests\\interceptor.js": {"path":"C:\\Users\\Shivam\\RelevelUnac\\Relevel-Unacademy\\Batch-3\\Revision\\Ecomm\\tests\\unitTests\\interceptor.js","statementMap":{"0":{"start":{"line":5,"column":0},"end":{"line":25,"column":1}},"1":{"start":{"line":10,"column":20},"end":{"line":10,"column":22}},"2":{"start":{"line":11,"column":8},"end":{"line":11,"column":50}},"3":{"start":{"line":12,"column":8},"end":{"line":12,"column":52}},"4":{"start":{"line":13,"column":8},"end":{"line":13,"column":51}},"5":{"start":{"line":14,"column":8},"end":{"line":14,"column":19}},"6":{"start":{"line":20,"column":20},"end":{"line":20,"column":22}},"7":{"start":{"line":21,"column":8},"end":{"line":21,"column":52}},"8":{"start":{"line":22,"column":8},"end":{"line":22,"column":50}},"9":{"start":{"line":23,"column":8},"end":{"line":23,"column":19}}},"fnMap":{"0":{"name":"(anonymous_0)","decl":{"start":{"line":9,"column":18},"end":{"line":9,"column":19}},"loc":{"start":{"line":9,"column":22},"end":{"line":15,"column":5}},"line":9},"1":{"name":"(anonymous_1)","decl":{"start":{"line":19,"column":19},"end":{"line":19,"column":20}},"loc":{"start":{"line":19,"column":23},"end":{"line":24,"column":5}},"line":19}},"branchMap":{},"s":{"0":1,"1":1,"2":1,"3":1,"4":1,"5":1,"6":1,"7":1,"8":1,"9":1},"f":{"0":1,"1":1},"b":{},"_coverageSchema":"1a1c01bbd47fc00a2c39e90264f33305004495a9","hash":"bbe06e20ef239817e0dee2732245d9d127253b8d"}
}
