TN:
SF:config\db.config.js
FNF:0
FNH:0
DA:5,1
LF:1
LH:1
BRF:0
BRH:0
end_of_record
TN:
SF:config\secret.js
FNF:0
FNH:0
DA:1,1
LF:1
LH:1
BRF:0
BRH:0
end_of_record
TN:
SF:controller\auth.controller.js
FN:10,(anonymous_0)
FN:73,(anonymous_1)
FNF:2
FNH:1
FNDA:3,(anonymous_0)
FNDA:0,(anonymous_1)
DA:5,1
DA:6,1
DA:7,1
DA:8,1
DA:9,1
DA:10,1
DA:14,3
DA:19,3
DA:20,3
DA:22,2
DA:24,1
DA:33,1
DA:34,1
DA:35,1
DA:55,1
DA:56,1
DA:57,1
DA:62,1
DA:63,1
DA:73,1
DA:74,0
DA:76,0
DA:78,0
DA:79,0
DA:80,0
DA:81,0
DA:84,0
DA:87,0
DA:89,0
DA:90,0
DA:91,0
DA:92,0
DA:94,0
DA:102,0
DA:103,0
DA:104,0
LF:36
LH:20
BRDA:22,0,0,1
BRDA:22,0,1,1
BRDA:22,1,0,2
BRDA:22,1,1,1
BRDA:64,2,0,1
BRDA:64,2,1,1
BRDA:79,3,0,0
BRDA:79,3,1,0
BRDA:105,4,0,0
BRDA:105,4,1,0
BRF:10
BRH:6
end_of_record
TN:
SF:model\cart.model.js
FN:5,(anonymous_0)
FNF:1
FNH:1
FNDA:1,(anonymous_0)
DA:5,1
DA:6,1
DA:16,1
LF:3
LH:3
BRF:0
BRH:0
end_of_record
TN:
SF:model\category.model.js
FN:5,(anonymous_0)
FNF:1
FNH:1
FNDA:1,(anonymous_0)
DA:5,1
DA:6,1
DA:23,1
LF:3
LH:3
BRF:0
BRH:0
end_of_record
TN:
SF:model\index.js
FNF:0
FNH:0
DA:6,1
DA:7,1
DA:8,1
DA:24,1
DA:30,1
DA:31,1
DA:37,1
DA:43,1
DA:50,1
DA:56,1
DA:62,1
DA:69,1
DA:75,1
DA:81,1
DA:91,1
DA:98,1
DA:108,1
DA:114,1
DA:117,1
LF:19
LH:19
BRF:0
BRH:0
end_of_record
TN:
SF:model\product.model.js
FN:5,(anonymous_0)
FNF:1
FNH:1
FNDA:1,(anonymous_0)
DA:5,1
DA:6,1
DA:25,1
LF:3
LH:3
BRF:0
BRH:0
end_of_record
TN:
SF:model\role.model.js
FN:5,(anonymous_0)
FNF:1
FNH:1
FNDA:1,(anonymous_0)
DA:5,1
DA:6,1
DA:12,1
LF:3
LH:3
BRF:0
BRH:0
end_of_record
TN:
SF:model\user.model.js
FN:5,(anonymous_0)
FNF:1
FNH:1
FNDA:1,(anonymous_0)
DA:5,1
DA:6,1
DA:20,1
LF:3
LH:3
BRF:0
BRH:0
end_of_record
TN:
SF:tests\unitTests\interceptor.js
FN:9,(anonymous_0)
FN:19,(anonymous_1)
FNF:2
FNH:2
FNDA:3,(anonymous_0)
FNDA:3,(anonymous_1)
DA:5,1
DA:10,3
DA:11,3
DA:12,3
DA:13,3
DA:14,3
DA:20,3
DA:21,3
DA:22,3
DA:23,3
LF:10
LH:10
BRF:0
BRH:0
end_of_record
